****                   ADMIXTURE Version 1.3.0                  ****
****                    Copyright 2008-2015                     ****
****           David Alexander, Suyash Shringarpure,            ****
****                John  Novembre, Ken Lange                   ****
****                                                            ****
****                 Please cite our paper!                     ****
****   Information at www.genetics.ucla.edu/software/admixture  ****

Cross-validation will be performed.  Folds=10.
Random seed: 43
Point estimation method: Block relaxation algorithm
Convergence acceleration algorithm: QuasiNewton, 3 secant conditions
Point estimation will terminate when objective function delta < 0.0001
Estimation of standard errors disabled; will compute point estimates only.
Size of G: 82x155992
Performing five EM steps to prime main algorithm
1 (EM) 	Elapsed: 0.738	Loglikelihood: -7.35791e+06	(delta): 1.28922e+07
2 (EM) 	Elapsed: 0.746	Loglikelihood: -7.10889e+06	(delta): 249018
3 (EM) 	Elapsed: 0.775	Loglikelihood: -7.04212e+06	(delta): 66772.2
4 (EM) 	Elapsed: 0.813	Loglikelihood: -7.0087e+06	(delta): 33418.9
5 (EM) 	Elapsed: 0.784	Loglikelihood: -6.99034e+06	(delta): 18354.6
Initial loglikelihood: -6.99034e+06
Starting main algorithm
1 (QN/Block) 	Elapsed: 2.194	Loglikelihood: -6.50115e+06	(delta): 489194
2 (QN/Block) 	Elapsed: 2.032	Loglikelihood: -6.3678e+06	(delta): 133345
3 (QN/Block) 	Elapsed: 2.767	Loglikelihood: -6.34127e+06	(delta): 26533.9
4 (QN/Block) 	Elapsed: 2.686	Loglikelihood: -6.31422e+06	(delta): 27054.4
5 (QN/Block) 	Elapsed: 2.866	Loglikelihood: -6.22471e+06	(delta): 89504
6 (QN/Block) 	Elapsed: 2.557	Loglikelihood: -6.20503e+06	(delta): 19685.7
7 (QN/Block) 	Elapsed: 2.583	Loglikelihood: -6.20245e+06	(delta): 2579.74
8 (QN/Block) 	Elapsed: 2.468	Loglikelihood: -6.20149e+06	(delta): 953.075
9 (QN/Block) 	Elapsed: 2.938	Loglikelihood: -6.20111e+06	(delta): 383.243
10 (QN/Block) 	Elapsed: 2.963	Loglikelihood: -6.20101e+06	(delta): 101.283
11 (QN/Block) 	Elapsed: 2.875	Loglikelihood: -6.20101e+06	(delta): 1.65684
12 (QN/Block) 	Elapsed: 2.706	Loglikelihood: -6.20101e+06	(delta): 0.00524104
13 (QN/Block) 	Elapsed: 2.396	Loglikelihood: -6.20101e+06	(delta): 6.32629e-05
Summary: 
Converged in 13 iterations (41.45 sec)
Loglikelihood: -6201007.885313
Fst divergences between estimated populations: 
	Pop0	
Pop0	
Pop1	0.207	
CV error (K=2): 0.36360
Writing output files.
