****                   ADMIXTURE Version 1.3.0                  ****
****                    Copyright 2008-2015                     ****
****           David Alexander, Suyash Shringarpure,            ****
****                John  Novembre, Ken Lange                   ****
****                                                            ****
****                 Please cite our paper!                     ****
****   Information at www.genetics.ucla.edu/software/admixture  ****

Cross-validation will be performed.  Folds=10.
Random seed: 43
Point estimation method: Block relaxation algorithm
Convergence acceleration algorithm: QuasiNewton, 3 secant conditions
Point estimation will terminate when objective function delta < 0.0001
Estimation of standard errors disabled; will compute point estimates only.
Size of G: 82x155992
Performing five EM steps to prime main algorithm
1 (EM) 	Elapsed: 1.296	Loglikelihood: -7.45892e+06	(delta): 1.1505e+07
2 (EM) 	Elapsed: 1.295	Loglikelihood: -7.13599e+06	(delta): 322929
3 (EM) 	Elapsed: 1.205	Loglikelihood: -7.05195e+06	(delta): 84037
4 (EM) 	Elapsed: 1.213	Loglikelihood: -7.00157e+06	(delta): 50387.2
5 (EM) 	Elapsed: 1.246	Loglikelihood: -6.96647e+06	(delta): 35093.1
Initial loglikelihood: -6.96647e+06
Starting main algorithm
1 (QN/Block) 	Elapsed: 3.376	Loglikelihood: -6.29352e+06	(delta): 672954
2 (QN/Block) 	Elapsed: 3.409	Loglikelihood: -6.00331e+06	(delta): 290211
3 (QN/Block) 	Elapsed: 3.865	Loglikelihood: -5.89845e+06	(delta): 104862
4 (QN/Block) 	Elapsed: 3.9	Loglikelihood: -5.809e+06	(delta): 89448.9
5 (QN/Block) 	Elapsed: 4.117	Loglikelihood: -5.76398e+06	(delta): 45012.1
6 (QN/Block) 	Elapsed: 3.847	Loglikelihood: -5.75376e+06	(delta): 10229
7 (QN/Block) 	Elapsed: 4.048	Loglikelihood: -5.7513e+06	(delta): 2458.39
8 (QN/Block) 	Elapsed: 3.747	Loglikelihood: -5.75081e+06	(delta): 486.314
9 (QN/Block) 	Elapsed: 3.85	Loglikelihood: -5.75067e+06	(delta): 137.895
10 (QN/Block) 	Elapsed: 3.884	Loglikelihood: -5.75062e+06	(delta): 49.7501
11 (QN/Block) 	Elapsed: 4.499	Loglikelihood: -5.75061e+06	(delta): 12.1669
12 (QN/Block) 	Elapsed: 4.341	Loglikelihood: -5.75061e+06	(delta): 0.579429
13 (QN/Block) 	Elapsed: 4.48	Loglikelihood: -5.75061e+06	(delta): 5.92032e-05
Summary: 
Converged in 13 iterations (62.134 sec)
Loglikelihood: -5750610.677056
Fst divergences between estimated populations: 
	Pop0	Pop1	
Pop0	
Pop1	0.232	
Pop2	0.252	0.147	
CV error (K=3): 0.33661
Writing output files.
