****                   ADMIXTURE Version 1.3.0                  ****
****                    Copyright 2008-2015                     ****
****           David Alexander, Suyash Shringarpure,            ****
****                John  Novembre, Ken Lange                   ****
****                                                            ****
****                 Please cite our paper!                     ****
****   Information at www.genetics.ucla.edu/software/admixture  ****

Cross-validation will be performed.  Folds=10.
Random seed: 43
Point estimation method: Block relaxation algorithm
Convergence acceleration algorithm: QuasiNewton, 3 secant conditions
Point estimation will terminate when objective function delta < 0.0001
Estimation of standard errors disabled; will compute point estimates only.
Size of G: 82x155992
Performing five EM steps to prime main algorithm
1 (EM) 	Elapsed: 0.419	Loglikelihood: -7.06839e+06	(delta): 1.65393e+07
2 (EM) 	Elapsed: 0.426	Loglikelihood: -7.06839e+06	(delta): 0
3 (EM) 	Elapsed: 0.403	Loglikelihood: -7.06839e+06	(delta): 0
4 (EM) 	Elapsed: 0.432	Loglikelihood: -7.06839e+06	(delta): 0
5 (EM) 	Elapsed: 0.423	Loglikelihood: -7.06839e+06	(delta): 0
Initial loglikelihood: -7.06839e+06
Starting main algorithm
1 (QN/Block) 	Elapsed: 1.459	Loglikelihood: -7.06839e+06	(delta): 0
Summary: 
Converged in 1 iterations (4.932 sec)
Loglikelihood: -7068389.115143
CV error (K=1): 0.42606
Writing output files.
