****                   ADMIXTURE Version 1.3.0                  ****
****                    Copyright 2008-2015                     ****
****           David Alexander, Suyash Shringarpure,            ****
****                John  Novembre, Ken Lange                   ****
****                                                            ****
****                 Please cite our paper!                     ****
****   Information at www.genetics.ucla.edu/software/admixture  ****

Cross-validation will be performed.  Folds=10.
Random seed: 43
Point estimation method: Block relaxation algorithm
Convergence acceleration algorithm: QuasiNewton, 3 secant conditions
Point estimation will terminate when objective function delta < 0.0001
Estimation of standard errors disabled; will compute point estimates only.
Size of G: 82x155992
Performing five EM steps to prime main algorithm
1 (EM) 	Elapsed: 1.714	Loglikelihood: -7.46029e+06	(delta): 1.08609e+07
2 (EM) 	Elapsed: 1.63	Loglikelihood: -7.10557e+06	(delta): 354727
3 (EM) 	Elapsed: 1.609	Loglikelihood: -7.00868e+06	(delta): 96891.1
4 (EM) 	Elapsed: 1.55	Loglikelihood: -6.94673e+06	(delta): 61943.3
5 (EM) 	Elapsed: 1.628	Loglikelihood: -6.89979e+06	(delta): 46944.5
Initial loglikelihood: -6.89979e+06
Starting main algorithm
1 (QN/Block) 	Elapsed: 4.765	Loglikelihood: -5.91112e+06	(delta): 988668
2 (QN/Block) 	Elapsed: 4.732	Loglikelihood: -5.45282e+06	(delta): 458299
3 (QN/Block) 	Elapsed: 5.427	Loglikelihood: -5.27199e+06	(delta): 180828
4 (QN/Block) 	Elapsed: 5.227	Loglikelihood: -5.16618e+06	(delta): 105812
5 (QN/Block) 	Elapsed: 5.2	Loglikelihood: -5.12256e+06	(delta): 43617.7
6 (QN/Block) 	Elapsed: 5.377	Loglikelihood: -5.10002e+06	(delta): 22542.6
7 (QN/Block) 	Elapsed: 5.344	Loglikelihood: -5.09026e+06	(delta): 9760.89
8 (QN/Block) 	Elapsed: 6.067	Loglikelihood: -5.08904e+06	(delta): 1219.87
9 (QN/Block) 	Elapsed: 5.398	Loglikelihood: -5.08875e+06	(delta): 292.347
10 (QN/Block) 	Elapsed: 5.264	Loglikelihood: -5.0886e+06	(delta): 146.316
11 (QN/Block) 	Elapsed: 6.162	Loglikelihood: -5.08852e+06	(delta): 85.7703
12 (QN/Block) 	Elapsed: 5.663	Loglikelihood: -5.08849e+06	(delta): 26.228
13 (QN/Block) 	Elapsed: 5.165	Loglikelihood: -5.08849e+06	(delta): 2.91534
14 (QN/Block) 	Elapsed: 5.923	Loglikelihood: -5.08848e+06	(delta): 1.5284
15 (QN/Block) 	Elapsed: 5.563	Loglikelihood: -5.08848e+06	(delta): 0.62855
16 (QN/Block) 	Elapsed: 5.241	Loglikelihood: -5.08848e+06	(delta): 0.245793
17 (QN/Block) 	Elapsed: 5.454	Loglikelihood: -5.08848e+06	(delta): 0.31886
18 (QN/Block) 	Elapsed: 5.327	Loglikelihood: -5.08848e+06	(delta): 0.0231657
19 (QN/Block) 	Elapsed: 5.534	Loglikelihood: -5.08848e+06	(delta): 0.0004127
20 (QN/Block) 	Elapsed: 5.296	Loglikelihood: -5.08848e+06	(delta): 2.72971e-05
Summary: 
Converged in 20 iterations (122.62 sec)
Loglikelihood: -5088483.350793
Fst divergences between estimated populations: 
	Pop0	Pop1	Pop2	
Pop0	
Pop1	0.308	
Pop2	0.397	0.499	
Pop3	0.146	0.344	0.418	
CV error (K=4): 0.28327
Writing output files.
